<?xml version="1.0" encoding="UTF-8"?>
<!-- Generated by org.testng.reporters.JUnitXMLReporter -->
<testsuite hostname="ISW-INITSNG-FO" ignored="0" name="Default test" tests="3" failures="0" timestamp="2020-01-23T15:55:11 WAT" time="126.889" errors="0">
  <testcase name="verifyValidLogin" time="22.791" classname="WordPressCMS.WordPressCMS.LoginTest"/>
  <testcase name="verifyValidLoginUsingGoogle" time="30.752" classname="WordPressCMS.WordPressCMS.LoginTest"/>
  <testcase name="verifyInvalidLogin" time="5.96" classname="WordPressCMS.WordPressCMS.LoginTest"/>
</testsuite> <!-- Default test -->
