<?xml version="1.0" encoding="UTF-8"?>
<!-- Generated by org.testng.reporters.JUnitXMLReporter -->
<testsuite ignored="0" hostname="DESKTOP-6VB1SHE" failures="0" tests="6" name="Default test" time="164.691" errors="0" timestamp="2024-12-06T20:16:24 WAT">
  <testcase classname="WordPressCMS.WordPressCMS.GetStartedTest" name="verifyCreateWordpressBlogFree" time="33.345"/>
  <testcase classname="WordPressCMS.WordPressCMS.GetStartedTest" name="verifyCreateWordpressBlogPersonal" time="35.247"/>
  <testcase classname="WordPressCMS.WordPressCMS.GetStartedTest" name="verifyCreateDuplicateWordpressAccount" time="12.1"/>
  <testcase classname="WordPressCMS.WordPressCMS.LoginTest" name="verifyValidLogin" time="10.372"/>
  <testcase classname="WordPressCMS.WordPressCMS.LoginTest" name="verifyInvalidLogin" time="8.304"/>
  <testcase classname="WordPressCMS.WordPressCMS.LoginTest" name="verifyValidLoginUsingGoogle" time="9.184"/>
</testsuite> <!-- Default test -->
