<?xml version="1.0" encoding="UTF-8"?>
<!-- Generated by org.testng.reporters.JUnitXMLReporter -->
<testsuite hostname="ISW-INITSNG-FO" ignored="0" name="Test" tests="6" failures="0" timestamp="2020-01-23T16:30:40 WAT" time="354.606" errors="0">
  <testcase name="verifyValidLogin" time="21.55" classname="WordPressCMS.WordPressCMS.LoginTest"/>
  <testcase name="verifyValidLoginUsingGoogle" time="36.9" classname="WordPressCMS.WordPressCMS.LoginTest"/>
  <testcase name="verifyInvalidLogin" time="37.035" classname="WordPressCMS.WordPressCMS.LoginTest"/>
  <testcase name="verifyCreateWordpressBlogFree" time="39.95" classname="WordPressCMS.WordPressCMS.GetStartedTest"/>
  <testcase name="verifyCreateWordpressBlogPersonal" time="63.788" classname="WordPressCMS.WordPressCMS.GetStartedTest"/>
  <testcase name="verifyCreateDuplicateWordpressAccount" time="5.054" classname="WordPressCMS.WordPressCMS.GetStartedTest"/>
</testsuite> <!-- Test -->
