<?xml version="1.0" encoding="UTF-8"?>
<!-- Generated by org.testng.reporters.JUnitXMLReporter -->
<testsuite ignored="0" hostname="DESKTOP-6VB1SHE" failures="0" tests="6" name="Test" time="158.634" errors="0" timestamp="2024-07-04T17:06:12 WAT">
  <testcase classname="WordPressCMS.WordPressCMS.LoginTest" name="verifyValidLogin" time="12.105"/>
  <testcase classname="WordPressCMS.WordPressCMS.LoginTest" name="verifyInvalidLogin" time="5.92"/>
  <testcase classname="WordPressCMS.WordPressCMS.LoginTest" name="verifyValidLoginUsingGoogle" time="10.265"/>
  <testcase classname="WordPressCMS.WordPressCMS.GetStartedTest" name="verifyCreateWordpressBlogFree" time="19.675"/>
  <testcase classname="WordPressCMS.WordPressCMS.GetStartedTest" name="verifyCreateWordpressBlogPersonal" time="36.505"/>
  <testcase classname="WordPressCMS.WordPressCMS.GetStartedTest" name="verifyCreateDuplicateWordpressAccount" time="10.492"/>
</testsuite> <!-- Test -->
