<?xml version="1.0" encoding="UTF-8"?>
<!-- Generated by org.testng.reporters.JUnitXMLReporter -->
<testsuite hostname="ISW-INITSNG-FO" ignored="0" name="Test" tests="6" failures="0" timestamp="2020-01-23T16:23:48 WAT" time="269.741" errors="0">
  <testcase name="verifyValidLogin" time="20.542" classname="WordPressCMS.WordPressCMS.LoginTest"/>
  <testcase name="verifyValidLoginUsingGoogle" time="35.584" classname="WordPressCMS.WordPressCMS.LoginTest"/>
  <testcase name="verifyInvalidLogin" time="6.379" classname="WordPressCMS.WordPressCMS.LoginTest"/>
  <testcase name="verifyCreateWordpressBlogFree" time="44.769" classname="WordPressCMS.WordPressCMS.GetStartedTest"/>
  <testcase name="verifyCreateWordpressBlogPersonal" time="37.21" classname="WordPressCMS.WordPressCMS.GetStartedTest"/>
  <testcase name="verifyCreateDuplicateWordpressAccount" time="9.368" classname="WordPressCMS.WordPressCMS.GetStartedTest"/>
</testsuite> <!-- Test -->
