<?xml version="1.0" encoding="UTF-8"?>
<testng-results ignored="0" total="6" passed="6" failed="0" skipped="0">
  <reporter-output>
  </reporter-output>
  <suite started-at="2024-12-06T20:13:40 WAT" name="Default suite" finished-at="2024-12-06T20:16:24 WAT" duration-ms="164691">
    <groups>
    </groups>
    <test started-at="2024-12-06T20:13:40 WAT" name="Default test" finished-at="2024-12-06T20:16:24 WAT" duration-ms="164691">
      <class name="WordPressCMS.WordPressCMS.GetStartedTest">
        <test-method is-config="true" signature="setup()[pri:0, instance:WordPressCMS.WordPressCMS.GetStartedTest@5afa3c9]" started-at="2024-12-06T20:13:40 WAT" name="setup" finished-at="2024-12-06T20:13:53 WAT" duration-ms="13286" status="PASS">
          <reporter-output>
          </reporter-output>
        </test-method> <!-- setup -->
        <test-method signature="verifyCreateWordpressBlogFree()[pri:0, instance:WordPressCMS.WordPressCMS.GetStartedTest@5afa3c9]" started-at="2024-12-06T20:13:53 WAT" name="verifyCreateWordpressBlogFree" finished-at="2024-12-06T20:14:26 WAT" duration-ms="33345" status="PASS">
          <reporter-output>
          </reporter-output>
        </test-method> <!-- verifyCreateWordpressBlogFree -->
        <test-method is-config="true" signature="afterTest()[pri:0, instance:WordPressCMS.WordPressCMS.GetStartedTest@5afa3c9]" started-at="2024-12-06T20:14:26 WAT" name="afterTest" finished-at="2024-12-06T20:14:27 WAT" duration-ms="535" status="PASS">
          <reporter-output>
          </reporter-output>
        </test-method> <!-- afterTest -->
        <test-method is-config="true" signature="setup()[pri:0, instance:WordPressCMS.WordPressCMS.GetStartedTest@5afa3c9]" started-at="2024-12-06T20:14:27 WAT" name="setup" finished-at="2024-12-06T20:14:34 WAT" duration-ms="6870" status="PASS">
          <reporter-output>
          </reporter-output>
        </test-method> <!-- setup -->
        <test-method signature="verifyCreateWordpressBlogPersonal()[pri:1, instance:WordPressCMS.WordPressCMS.GetStartedTest@5afa3c9]" started-at="2024-12-06T20:14:34 WAT" name="verifyCreateWordpressBlogPersonal" finished-at="2024-12-06T20:15:09 WAT" duration-ms="35247" status="PASS">
          <reporter-output>
          </reporter-output>
        </test-method> <!-- verifyCreateWordpressBlogPersonal -->
        <test-method is-config="true" signature="afterTest()[pri:0, instance:WordPressCMS.WordPressCMS.GetStartedTest@5afa3c9]" started-at="2024-12-06T20:15:09 WAT" name="afterTest" finished-at="2024-12-06T20:15:09 WAT" duration-ms="537" status="PASS">
          <reporter-output>
          </reporter-output>
        </test-method> <!-- afterTest -->
        <test-method is-config="true" signature="setup()[pri:0, instance:WordPressCMS.WordPressCMS.GetStartedTest@5afa3c9]" started-at="2024-12-06T20:15:09 WAT" name="setup" finished-at="2024-12-06T20:15:17 WAT" duration-ms="7770" status="PASS">
          <reporter-output>
          </reporter-output>
        </test-method> <!-- setup -->
        <test-method signature="verifyCreateDuplicateWordpressAccount()[pri:2, instance:WordPressCMS.WordPressCMS.GetStartedTest@5afa3c9]" started-at="2024-12-06T20:15:17 WAT" name="verifyCreateDuplicateWordpressAccount" finished-at="2024-12-06T20:15:29 WAT" duration-ms="12100" status="PASS">
          <reporter-output>
          </reporter-output>
        </test-method> <!-- verifyCreateDuplicateWordpressAccount -->
        <test-method is-config="true" signature="afterTest()[pri:0, instance:WordPressCMS.WordPressCMS.GetStartedTest@5afa3c9]" started-at="2024-12-06T20:15:29 WAT" name="afterTest" finished-at="2024-12-06T20:15:30 WAT" duration-ms="361" status="PASS">
          <reporter-output>
          </reporter-output>
        </test-method> <!-- afterTest -->
      </class> <!-- WordPressCMS.WordPressCMS.GetStartedTest -->
      <class name="WordPressCMS.WordPressCMS.LoginTest">
        <test-method is-config="true" signature="setup()[pri:0, instance:WordPressCMS.WordPressCMS.LoginTest@43df23d3]" started-at="2024-12-06T20:15:30 WAT" name="setup" finished-at="2024-12-06T20:15:41 WAT" duration-ms="11494" status="PASS">
          <reporter-output>
          </reporter-output>
        </test-method> <!-- setup -->
        <test-method signature="verifyValidLogin()[pri:0, instance:WordPressCMS.WordPressCMS.LoginTest@43df23d3]" started-at="2024-12-06T20:15:41 WAT" name="verifyValidLogin" finished-at="2024-12-06T20:15:52 WAT" duration-ms="10372" status="PASS">
          <reporter-output>
          </reporter-output>
        </test-method> <!-- verifyValidLogin -->
        <test-method is-config="true" signature="afterTest()[pri:0, instance:WordPressCMS.WordPressCMS.LoginTest@43df23d3]" started-at="2024-12-06T20:15:52 WAT" name="afterTest" finished-at="2024-12-06T20:15:52 WAT" duration-ms="360" status="PASS">
          <reporter-output>
          </reporter-output>
        </test-method> <!-- afterTest -->
        <test-method is-config="true" signature="setup()[pri:0, instance:WordPressCMS.WordPressCMS.LoginTest@43df23d3]" started-at="2024-12-06T20:15:52 WAT" name="setup" finished-at="2024-12-06T20:15:58 WAT" duration-ms="6323" status="PASS">
          <reporter-output>
          </reporter-output>
        </test-method> <!-- setup -->
        <test-method signature="verifyInvalidLogin()[pri:1, instance:WordPressCMS.WordPressCMS.LoginTest@43df23d3]" started-at="2024-12-06T20:15:58 WAT" name="verifyInvalidLogin" finished-at="2024-12-06T20:16:07 WAT" duration-ms="8304" status="PASS">
          <reporter-output>
          </reporter-output>
        </test-method> <!-- verifyInvalidLogin -->
        <test-method is-config="true" signature="afterTest()[pri:0, instance:WordPressCMS.WordPressCMS.LoginTest@43df23d3]" started-at="2024-12-06T20:16:07 WAT" name="afterTest" finished-at="2024-12-06T20:16:07 WAT" duration-ms="441" status="PASS">
          <reporter-output>
          </reporter-output>
        </test-method> <!-- afterTest -->
        <test-method is-config="true" signature="setup()[pri:0, instance:WordPressCMS.WordPressCMS.LoginTest@43df23d3]" started-at="2024-12-06T20:16:07 WAT" name="setup" finished-at="2024-12-06T20:16:14 WAT" duration-ms="7130" status="PASS">
          <reporter-output>
          </reporter-output>
        </test-method> <!-- setup -->
        <test-method signature="verifyValidLoginUsingGoogle()[pri:2, instance:WordPressCMS.WordPressCMS.LoginTest@43df23d3]" started-at="2024-12-06T20:16:14 WAT" name="verifyValidLoginUsingGoogle" finished-at="2024-12-06T20:16:23 WAT" duration-ms="9184" status="PASS">
          <reporter-output>
          </reporter-output>
        </test-method> <!-- verifyValidLoginUsingGoogle -->
        <test-method is-config="true" signature="afterTest()[pri:0, instance:WordPressCMS.WordPressCMS.LoginTest@43df23d3]" started-at="2024-12-06T20:16:23 WAT" name="afterTest" finished-at="2024-12-06T20:16:24 WAT" duration-ms="973" status="PASS">
          <reporter-output>
          </reporter-output>
        </test-method> <!-- afterTest -->
      </class> <!-- WordPressCMS.WordPressCMS.LoginTest -->
    </test> <!-- Default test -->
  </suite> <!-- Default suite -->
</testng-results>
